(---------------------------------------------------------------------)
(                                                                     )
(    ARTWORK LOG                                                      )
(                                                                     )
(    Drawing          : 7SEG.brd                                      )
(    Software Version : 16.6P004                                      )
(    Date/Time        : Sat Mar 11 20:02:50 2017                      )
(                                                                     )
(---------------------------------------------------------------------)



 ******************************************
 WARNING: DRC OUT OF DATE on this layout.
 ******************************************

 ---- Photoplot outline rectangle not found ... using drawing extents



Results from parameter file ...
    DEVICE-TYPE           GERBER_RS274X
    OUTPUT-UNITS          INCHES
    FILM-SIZE             2400000 1600000
    FORMAT                2.5
    ABORT-ON-ERROR        NO
    SCALE                 1
    SUPPRESS-LEAD-ZEROES  YES
    SUPPRESS-TRAIL-ZEROES NO
    SUPPRESS-EQUAL        YES
    UNDEF-APT-CONT        NO


================================================================
     PROCESSING FILM < TOP >
     TO FILE < E:/office/PROJECT9/110317/PCB/TOP.art > ...
================================================================

  FILM PARAMETERS :
  ---------------------------------------------------------
  Undefined line width                0.00
  Mirror code                         NONE
  Rotate angle                        NONE
  Offset x:                           0.00
  Offset y:                           0.00
  Plot negative                       NO
  Suppress unconnected internal pads  NO
  Draw holes only                     NO

    WARNING: Film contains layer ROUTE KEEPIN/ALL that should not normally be used etch (conductor) layers.
           
    WARNING: Film contains DRC error(s).
    WARNING: rectangle or unfilled shape composed 0 width line found at (5.00 1450.00)
           ... ignored.

    WARNING: text composed 0 width line found at (720.00 -140.00)
           ... ignored.



  APERTURES USED:
  ---------------------------------------------------------
  TYPE       SIZE/NAME                   ROT   MIRROR MODE 
  ---------------------------------------------------------
  CIRCLE     0.00500                                  DARK 
  CIRCLE     0.01500                                  DARK 
  CIRCLE     0.04000                                  DARK 
  CIRCLE     0.04500                                  DARK 
  CIRCLE     0.07000                                  DARK 
  CIRCLE     0.20000                                  DARK 
  SQUARE     0.04500                     0.000 NO     DARK 
  SQUARE     0.07000                     0.000 NO     DARK 

     TOP created with warnings


================================================================
     PROCESSING FILM < BOTTOM >
     TO FILE < E:/office/PROJECT9/110317/PCB/BOTTOM.art > ...
================================================================

  FILM PARAMETERS :
  ---------------------------------------------------------
  Undefined line width                5.00
  Mirror code                         NONE
  Rotate angle                        NONE
  Offset x:                           0.00
  Offset y:                           0.00
  Plot negative                       NO
  Suppress unconnected internal pads  NO
  Draw holes only                     NO

    WARNING: Film contains layer PACKAGE KEEPIN/ALL that should not normally be used etch (conductor) layers.
           
    WARNING: Film contains DRC error(s).
    WARNING: text having Multiple 0 width lines; all will be treated the same as the first.
           ... using undefined line width of 5.00



  APERTURES USED:
  ---------------------------------------------------------
  TYPE       SIZE/NAME                   ROT   MIRROR MODE 
  ---------------------------------------------------------
  CIRCLE     0.00500                                  DARK 
  CIRCLE     0.01500                                  DARK 
  CIRCLE     0.04000                                  DARK 
  CIRCLE     0.04500                                  DARK 
  CIRCLE     0.07000                                  DARK 
  CIRCLE     0.20000                                  DARK 
  SQUARE     0.04500                     0.000 NO     DARK 
  SQUARE     0.07000                     0.000 NO     DARK 

     BOTTOM created with warnings


================================================================
     PROCESSING FILM < TOP_SILK >
     TO FILE < E:/office/PROJECT9/110317/PCB/TOP_SILK.art > ...
================================================================

  FILM PARAMETERS :
  ---------------------------------------------------------
  Undefined line width                5.00
  Mirror code                         NONE
  Rotate angle                        NONE
  Offset x:                           0.00
  Offset y:                           0.00
  Plot negative                       NO
  Suppress unconnected internal pads  NO
  Draw holes only                     NO



  APERTURES USED:
  ---------------------------------------------------------
  TYPE       SIZE/NAME                   ROT   MIRROR MODE 
  ---------------------------------------------------------
  CIRCLE     0.00500                                  DARK 
  CIRCLE     0.00600                                  DARK 

     TOP_SILK created with warnings


================================================================
     PROCESSING FILM < TOP_MASK >
     TO FILE < E:/office/PROJECT9/110317/PCB/TOP_MASK.art > ...
================================================================

  FILM PARAMETERS :
  ---------------------------------------------------------
  Undefined line width                0.00
  Mirror code                         NONE
  Rotate angle                        NONE
  Offset x:                           0.00
  Offset y:                           0.00
  Plot negative                       NO
  Suppress unconnected internal pads  NO
  Draw holes only                     NO



  APERTURES USED:
  ---------------------------------------------------------
  TYPE       SIZE/NAME                   ROT   MIRROR MODE 
  ---------------------------------------------------------
  CIRCLE     0.00500                                  DARK 
  CIRCLE     0.04500                                  DARK 
  CIRCLE     0.05000                                  DARK 
  CIRCLE     0.07500                                  DARK 
  CIRCLE     0.20000                                  DARK 
  SQUARE     0.05000                     0.000 NO     DARK 
  SQUARE     0.07500                     0.000 NO     DARK 

     TOP_MASK created with warnings


================================================================
     PROCESSING FILM < TOP_PASTE >
     TO FILE < E:/office/PROJECT9/110317/PCB/TOP_PASTE.art > ...
================================================================

  FILM PARAMETERS :
  ---------------------------------------------------------
  Undefined line width                0.00
  Mirror code                         NONE
  Rotate angle                        NONE
  Offset x:                           0.00
  Offset y:                           0.00
  Plot negative                       NO
  Suppress unconnected internal pads  NO
  Draw holes only                     NO



  APERTURES USED:
  ---------------------------------------------------------
  TYPE       SIZE/NAME                   ROT   MIRROR MODE 
  ---------------------------------------------------------
  CIRCLE     0.00500                                  DARK 

     TOP_PASTE created with warnings


================================================================
     PROCESSING FILM < BOT_SILK >
     TO FILE < E:/office/PROJECT9/110317/PCB/BOT_SILK.art > ...
================================================================

  FILM PARAMETERS :
  ---------------------------------------------------------
  Undefined line width                0.00
  Mirror code                         NONE
  Rotate angle                        NONE
  Offset x:                           0.00
  Offset y:                           0.00
  Plot negative                       NO
  Suppress unconnected internal pads  NO
  Draw holes only                     NO



  APERTURES USED:
  ---------------------------------------------------------
  TYPE       SIZE/NAME                   ROT   MIRROR MODE 
  ---------------------------------------------------------
  CIRCLE     0.00500                                  DARK 

     BOT_SILK created with warnings


================================================================
     PROCESSING FILM < BOT_MASK >
     TO FILE < E:/office/PROJECT9/110317/PCB/BOT_MASK.art > ...
================================================================

  FILM PARAMETERS :
  ---------------------------------------------------------
  Undefined line width                0.00
  Mirror code                         NONE
  Rotate angle                        NONE
  Offset x:                           0.00
  Offset y:                           0.00
  Plot negative                       NO
  Suppress unconnected internal pads  NO
  Draw holes only                     NO



  APERTURES USED:
  ---------------------------------------------------------
  TYPE       SIZE/NAME                   ROT   MIRROR MODE 
  ---------------------------------------------------------
  CIRCLE     0.00500                                  DARK 
  CIRCLE     0.04500                                  DARK 
  CIRCLE     0.05000                                  DARK 
  CIRCLE     0.07500                                  DARK 
  CIRCLE     0.20000                                  DARK 
  SQUARE     0.05000                     0.000 NO     DARK 
  SQUARE     0.07500                     0.000 NO     DARK 

     BOT_MASK created with warnings


================================================================
     PROCESSING FILM < TOP_ASS >
     TO FILE < E:/office/PROJECT9/110317/PCB/TOP_ASS.art > ...
================================================================

  FILM PARAMETERS :
  ---------------------------------------------------------
  Undefined line width                5.00
  Mirror code                         NONE
  Rotate angle                        NONE
  Offset x:                           0.00
  Offset y:                           0.00
  Plot negative                       NO
  Suppress unconnected internal pads  NO
  Draw holes only                     NO



  APERTURES USED:
  ---------------------------------------------------------
  TYPE       SIZE/NAME                   ROT   MIRROR MODE 
  ---------------------------------------------------------
  CIRCLE     0.00500                                  DARK 
  CIRCLE     0.00600                                  DARK 

     TOP_ASS created with warnings


================================================================
     PROCESSING FILM < DRILL_MASTER >
     TO FILE < E:/office/PROJECT9/110317/PCB/DRILL_MASTER.art > ...
================================================================

  FILM PARAMETERS :
  ---------------------------------------------------------
  Undefined line width                0.00
  Mirror code                         NONE
  Rotate angle                        NONE
  Offset x:                           0.00
  Offset y:                           0.00
  Plot negative                       NO
  Suppress unconnected internal pads  NO
  Draw holes only                     NO

    WARNING: 0 width line found at (-100.00 0.00)
           ... ignored.

    WARNING: Multiple 0 width lines; all will be treated the same as the first.
           ... ignored.

    WARNING: rectangle or unfilled shape having Multiple 0 width lines; all will be treated the same as the first.
           ... ignored.



  APERTURES USED:
  ---------------------------------------------------------
  TYPE       SIZE/NAME                   ROT   MIRROR MODE 
  ---------------------------------------------------------
  CIRCLE     0.00500                                  DARK 
  CIRCLE     0.00600                                  DARK 

     DRILL_MASTER created with warnings


================================================================
     PROCESSING FILM < TOP_PLAC >
     TO FILE < E:/office/PROJECT9/110317/PCB/TOP_PLAC.art > ...
================================================================

  FILM PARAMETERS :
  ---------------------------------------------------------
  Undefined line width                0.00
  Mirror code                         NONE
  Rotate angle                        NONE
  Offset x:                           0.00
  Offset y:                           0.00
  Plot negative                       NO
  Suppress unconnected internal pads  NO
  Draw holes only                     NO



  APERTURES USED:
  ---------------------------------------------------------
  TYPE       SIZE/NAME                   ROT   MIRROR MODE 
  ---------------------------------------------------------
  CIRCLE     0.00500                                  DARK 
  CIRCLE     0.00600                                  DARK 
  CIRCLE     0.04500                                  DARK 
  CIRCLE     0.07000                                  DARK 
  CIRCLE     0.20000                                  DARK 
  SQUARE     0.04500                     0.000 NO     DARK 
  SQUARE     0.07000                     0.000 NO     DARK 

     TOP_PLAC created with warnings


------------------------------------------------------
 SUMMARY:
        TOP created with warnings
        BOTTOM created with warnings
        TOP_SILK created with warnings
        TOP_MASK created with warnings
        TOP_PASTE created with warnings
        BOT_SILK created with warnings
        BOT_MASK created with warnings
        TOP_ASS created with warnings
        DRILL_MASTER created with warnings
        TOP_PLAC created with warnings

 ARTWORK had warnings
